<?xml version="1.0" encoding="UTF-8"?>
<!-- Generated by org.testng.reporters.JUnitXMLReporter -->
<testsuite ignored="0" hostname="LAPTOP-3TPPPFOH" failures="1" tests="2" name="Test" time="14.477" errors="0" timestamp="2022-07-13T09:40:24 IST">
  <testcase classname="com.ZeroTestClasses.TC02VarifyWatchlistSearchBoxISEnabled" name="WatchListSearchBoxChecking" time="1.427"/>
  <testcase classname="com.ZeroTestClasses.TC01VarifyLoginFunctionality" name="loginfunctionality" time="3.263">
    <failure type="java.lang.AssertionError" message="expected [https://kite.zerodha.com/dashboard] but found [https://kite.zerodha.com/]">
      <![CDATA[java.lang.AssertionError: expected [https://kite.zerodha.com/dashboard] but found [https://kite.zerodha.com/]
at com.ZeroTestClasses.TC01VarifyLoginFunctionality.loginfunctionality(TC01VarifyLoginFunctionality.java:28)
at java.base/java.util.ArrayList.forEach(ArrayList.java:1511)
... Removed 33 stack frames]]>
    </failure>
  </testcase> <!-- loginfunctionality -->
</testsuite> <!-- Test -->
